2024-08-21 19:47:39 Loading main app package /usr/lib/obsidian/obsidian.asar
2024-08-21 19:47:39 Checking for update using Github
2024-08-21 19:47:40 Success.
2024-08-21 19:47:40 Latest version is 1.6.7
2024-08-21 19:47:40 App is up to date.
2024-08-24 16:07:21 Loading main app package /usr/lib/obsidian/obsidian.asar
2024-08-24 16:07:21 Checking for update using Github
2024-08-24 16:07:22 Success.
2024-08-24 16:07:22 Latest version is 1.6.7
2024-08-24 16:07:22 App is up to date.
2024-08-24 16:17:07 Loading main app package /usr/lib/obsidian/obsidian.asar
2024-08-24 16:17:07 Checking for update using Github
2024-08-24 16:17:08 Success.
2024-08-24 16:17:08 Latest version is 1.6.7
2024-08-24 16:17:08 App is up to date.
2024-10-15 10:44:48 Loading main app package /usr/lib/obsidian/obsidian.asar
2024-10-15 10:44:48 Checking for update using Github
2024-10-15 10:44:48 Success.
2024-10-15 10:44:48 Latest version is 1.6.7
2024-10-15 10:44:48 App is up to date.
2024-10-15 11:44:48 Checking for update using Github
2024-10-15 11:44:48 Success.
2024-10-15 11:44:48 Latest version is 1.6.7
2024-10-15 11:44:48 App is up to date.
2024-10-28 20:42:02 Loading main app package /usr/lib/obsidian/obsidian.asar
2024-10-28 20:42:02 Checking for update using Github
2024-10-28 20:42:02 Success.
2024-10-28 20:42:02 Latest version is 1.7.4
2024-10-28 20:42:02 App is up to date.
