00:00:00.285051 VirtualBox GUI VM Selector Window 7.2.4 r170995 linux.amd64 (Oct 22 2025 16:59:14) release log
00:00:00.285053 Log opened 2025-12-05T14:15:25.559327000Z
00:00:00.285054 Build Type: release
00:00:00.285056 OS Product: Linux
00:00:00.285057 OS Release: 6.17.9-zen1-1-zen
00:00:00.285058 OS Version: #1 ZEN SMP PREEMPT_DYNAMIC Mon, 24 Nov 2025 15:21:16 +0000
00:00:00.285075 DMI Product Name: 20L6S0WU07
00:00:00.285082 DMI Product Version: ThinkPad T480
00:00:00.285086 Firmware type: UEFI
00:00:00.285821 Secure Boot: Disabled
00:00:00.285858 Host RAM: 7806MB (7.6GB) total, 4380MB (4.2GB) available
00:00:00.285861 Executable: /usr/lib/virtualbox/VirtualBox
00:00:00.285861 Process ID: 54104
00:00:00.285861 Package type: LINUX_64BITS_GENERIC (OSE)
00:00:00.285882 Qt version: 6.10.1
00:00:00.286816 GUI: UIMediumEnumerator: Initial medium-enumeration finished!
00:00:00.293888 GUI: UIMediumEnumerator: Medium-enumeration started...
00:00:00.893710 GUI: UIMediumEnumerator: Medium-enumeration finished!
00:00:04.779818 GUI: UIInvisibleWindow::sltFallback: Move event missing. Screen: 0, work area: 959x539 x 800x800
00:00:04.779841 GUI: UIDesktopWidgetWatchdog::sltHandleHostScreenAvailableGeometryCalculated: Screen 0 work area is actually resized to: 959x539 x 800x800
00:00:05.735581 GUI: UIMediumEnumerator: Medium-enumeration finished!
