2025-07-20 23:54:26.794 [warning] Dir "/home/thanura/Coding/.pixi/envs" is not watchable (directory does not exist)
2025-07-20 23:54:26.794 [error] Unable to check if shell integration is active [Error: Extension 'ms-python.python' CANNOT use API proposal: terminalDataWriteEvent.
Its package.json#enabledApiProposals-property declares:  but NOT terminalDataWriteEvent.
 The missing proposal MUST be added and you must start in extension development mode or use the following command line switch: --enable-proposed-api ms-python.python
	at L (file:///usr/lib/code/out/vs/workbench/api/node/extensionHostProcess.js:113:29606)
	at a.onDidWriteTerminalData (file:///usr/lib/code/out/vs/workbench/api/node/extensionHostProcess.js:171:106190)
	at new v (/home/thanura/.vscode-oss/extensions/ms-python.python-2025.4.0-universal/out/client/extension.js:2:878107)
	at ge (/home/thanura/.vscode-oss/extensions/ms-python.python-2025.4.0-universal/out/client/extension.js:2:1684812)
	at /home/thanura/.vscode-oss/extensions/ms-python.python-2025.4.0-universal/out/client/extension.js:2:1688176
	at /home/thanura/.vscode-oss/extensions/ms-python.python-2025.4.0-universal/out/client/extension.js:2:1688204
	at Se (/home/thanura/.vscode-oss/extensions/ms-python.python-2025.4.0-universal/out/client/extension.js:2:1688271)
	at /home/thanura/.vscode-oss/extensions/ms-python.python-2025.4.0-universal/out/client/extension.js:2:1688751
	at we (/home/thanura/.vscode-oss/extensions/ms-python.python-2025.4.0-universal/out/client/extension.js:2:1688692)
	at Pe (/home/thanura/.vscode-oss/extensions/ms-python.python-2025.4.0-universal/out/client/extension.js:2:1688726)
	at /home/thanura/.vscode-oss/extensions/ms-python.python-2025.4.0-universal/out/client/extension.js:2:1685965
	at /home/thanura/.vscode-oss/extensions/ms-python.python-2025.4.0-universal/out/client/extension.js:2:1687570
	at Array.reduce (<anonymous>)
	at /home/thanura/.vscode-oss/extensions/ms-python.python-2025.4.0-universal/out/client/extension.js:2:1687542
	at /home/thanura/.vscode-oss/extensions/ms-python.python-2025.4.0-universal/out/client/extension.js:2:1687824
	at /home/thanura/.vscode-oss/extensions/ms-python.python-2025.4.0-universal/out/client/extension.js:2:1688204
	at Se (/home/thanura/.vscode-oss/extensions/ms-python.python-2025.4.0-universal/out/client/extension.js:2:1688271)
	at /home/thanura/.vscode-oss/extensions/ms-python.python-2025.4.0-universal/out/client/extension.js:2:1688751
	at we (/home/thanura/.vscode-oss/extensions/ms-python.python-2025.4.0-universal/out/client/extension.js:2:1688692)
	at Pe (/home/thanura/.vscode-oss/extensions/ms-python.python-2025.4.0-universal/out/client/extension.js:2:1688726)
	at /home/thanura/.vscode-oss/extensions/ms-python.python-2025.4.0-universal/out/client/extension.js:2:1685965
	at /home/thanura/.vscode-oss/extensions/ms-python.python-2025.4.0-universal/out/client/extension.js:2:1715635
	at /home/thanura/.vscode-oss/extensions/ms-python.python-2025.4.0-universal/out/client/extension.js:2:1715656
	at e._get (/home/thanura/.vscode-oss/extensions/ms-python.python-2025.4.0-universal/out/client/extension.js:2:1714669)
	at e._getButThrowIfAsync (/home/thanura/.vscode-oss/extensions/ms-python.python-2025.4.0-universal/out/client/extension.js:2:1714729)
	at e.get (/home/thanura/.vscode-oss/extensions/ms-python.python-2025.4.0-universal/out/client/extension.js:2:1710438)
	at e.dynamicValue (/home/thanura/.vscode-oss/extensions/ms-python.python-2025.4.0-universal/out/client/extension.js:2:1700171)
	at /home/thanura/.vscode-oss/extensions/ms-python.python-2025.4.0-universal/out/client/extension.js:2:1686348
	at Ee (/home/thanura/.vscode-oss/extensions/ms-python.python-2025.4.0-universal/out/client/extension.js:2:1686604)
	at Se (/home/thanura/.vscode-oss/extensions/ms-python.python-2025.4.0-universal/out/client/extension.js:2:1688320)
	at /home/thanura/.vscode-oss/extensions/ms-python.python-2025.4.0-universal/out/client/extension.js:2:1688751
	at we (/home/thanura/.vscode-oss/extensions/ms-python.python-2025.4.0-universal/out/client/extension.js:2:1688692)
	at Pe (/home/thanura/.vscode-oss/extensions/ms-python.python-2025.4.0-universal/out/client/extension.js:2:1688726)
	at /home/thanura/.vscode-oss/extensions/ms-python.python-2025.4.0-universal/out/client/extension.js:2:1685965
	at /home/thanura/.vscode-oss/extensions/ms-python.python-2025.4.0-universal/out/client/extension.js:2:1685899
	at Array.map (<anonymous>)
	at /home/thanura/.vscode-oss/extensions/ms-python.python-2025.4.0-universal/out/client/extension.js:2:1685870
	at /home/thanura/.vscode-oss/extensions/ms-python.python-2025.4.0-universal/out/client/extension.js:2:1687570
	at Array.reduce (<anonymous>)
	at /home/thanura/.vscode-oss/extensions/ms-python.python-2025.4.0-universal/out/client/extension.js:2:1687542
	at /home/thanura/.vscode-oss/extensions/ms-python.python-2025.4.0-universal/out/client/extension.js:2:1687824
	at /home/thanura/.vscode-oss/extensions/ms-python.python-2025.4.0-universal/out/client/extension.js:2:1688204
	at Se (/home/thanura/.vscode-oss/extensions/ms-python.python-2025.4.0-universal/out/client/extension.js:2:1688271)
	at /home/thanura/.vscode-oss/extensions/ms-python.python-2025.4.0-universal/out/client/extension.js:2:1688751
	at we (/home/thanura/.vscode-oss/extensions/ms-python.python-2025.4.0-universal/out/client/extension.js:2:1688692)
	at Pe (/home/thanura/.vscode-oss/extensions/ms-python.python-2025.4.0-universal/out/client/extension.js:2:1688726)
	at /home/thanura/.vscode-oss/extensions/ms-python.python-2025.4.0-universal/out/client/extension.js:2:1685965
	at /home/thanura/.vscode-oss/extensions/ms-python.python-2025.4.0-universal/out/client/extension.js:2:1715635
	at /home/thanura/.vscode-oss/extensions/ms-python.python-2025.4.0-universal/out/client/extension.js:2:1715656
	at e._get (/home/thanura/.vscode-oss/extensions/ms-python.python-2025.4.0-universal/out/client/extension.js:2:1714669)
	at e._getButThrowIfAsync (/home/thanura/.vscode-oss/extensions/ms-python.python-2025.4.0-universal/out/client/extension.js:2:1714729)
	at e.get (/home/thanura/.vscode-oss/extensions/ms-python.python-2025.4.0-universal/out/client/extension.js:2:1710438)
	at a.get (/home/thanura/.vscode-oss/extensions/ms-python.python-2025.4.0-universal/out/client/extension.js:2:536740)
	at /home/thanura/.vscode-oss/extensions/ms-python.python-2025.4.0-universal/out/client/extension.js:2:451577
	at async t.activateComponents (/home/thanura/.vscode-oss/extensions/ms-python.python-2025.4.0-universal/out/client/extension.js:2:449857)
	at async /home/thanura/.vscode-oss/extensions/ms-python.python-2025.4.0-universal/out/client/extension.js:2:2642626
	at async e (/home/thanura/.vscode-oss/extensions/ms-python.python-2025.4.0-universal/out/client/extension.js:2:2642158)
	at async Wb.n (file:///usr/lib/code/out/vs/workbench/api/node/extensionHostProcess.js:120:13382)
	at async Wb.m (file:///usr/lib/code/out/vs/workbench/api/node/extensionHostProcess.js:120:13345)
	at async Wb.l (file:///usr/lib/code/out/vs/workbench/api/node/extensionHostProcess.js:120:12801)]
2025-07-20 23:54:26.794 [info] Starting Environment refresh
2025-07-20 23:54:26.794 [info] Searching for interpreters in posix paths locator
2025-07-20 23:54:26.794 [info] Searching for pyenv environments
2025-07-20 23:54:26.794 [info] Searching for conda environments
2025-07-20 23:54:26.794 [info] Searching for global virtual environments
2025-07-20 23:54:26.794 [info] Searching for custom virtual environments
2025-07-20 23:54:26.794 [info] pyenv is not installed
2025-07-20 23:54:26.794 [info] Finished searching for pyenv environments: 17 milliseconds
2025-07-20 23:54:26.794 [info] Finished searching for custom virtual envs: 17 milliseconds
2025-07-20 23:54:26.794 [info] > conda info --json
2025-07-20 23:54:26.794 [info] > hatch env show --json
2025-07-20 23:54:26.794 [info] cwd: .
2025-07-20 23:54:26.794 [info] > pyenv which python
2025-07-20 23:54:26.794 [info] cwd: .
2025-07-20 23:54:26.794 [info] Finished searching for global virtual envs: 102 milliseconds
2025-07-20 23:54:26.795 [info] Found: /bin/python --> /bin/python3.13
2025-07-20 23:54:26.798 [info] Found: /bin/python3 --> /bin/python3.13
2025-07-20 23:54:26.798 [info] Found: /bin/python3.13 --> /bin/python3.13
2025-07-20 23:54:26.828 [info] Found: /sbin/python --> /sbin/python3.13
2025-07-20 23:54:26.829 [info] Found: /sbin/python3 --> /sbin/python3.13
2025-07-20 23:54:26.829 [info] Found: /sbin/python3.13 --> /sbin/python3.13
2025-07-20 23:54:26.835 [info] Found: /usr/bin/python --> /usr/bin/python3.13
2025-07-20 23:54:26.835 [info] Found: /usr/bin/python3 --> /usr/bin/python3.13
2025-07-20 23:54:26.835 [info] Found: /usr/bin/python3.13 --> /usr/bin/python3.13
2025-07-20 23:54:26.863 [info] Found: /usr/sbin/python --> /usr/sbin/python3.13
2025-07-20 23:54:26.863 [info] Found: /usr/sbin/python3 --> /usr/sbin/python3.13
2025-07-20 23:54:26.863 [info] Found: /usr/sbin/python3.13 --> /usr/sbin/python3.13
2025-07-20 23:54:26.879 [info] > /bin/python -I ~/.vscode-oss/extensions/ms-python.python-2025.4.0-universal/python_files/get_output_via_markers.py ~/.vscode-oss/extensions/ms-python.python-2025.4.0-universal/python_files/interpreterInfo.py
2025-07-20 23:54:26.892 [info] > /sbin/python -I ~/.vscode-oss/extensions/ms-python.python-2025.4.0-universal/python_files/get_output_via_markers.py ~/.vscode-oss/extensions/ms-python.python-2025.4.0-universal/python_files/interpreterInfo.py
2025-07-20 23:54:26.900 [info] Finished searching for interpreters in posix paths locator: 231 milliseconds
2025-07-20 23:54:26.907 [info] Environments refresh paths discovered (event): 239 milliseconds
2025-07-20 23:54:26.907 [info] Environments refresh paths discovered: 239 milliseconds
2025-07-20 23:54:26.934 [info] > /usr/bin/python -I ~/.vscode-oss/extensions/ms-python.python-2025.4.0-universal/python_files/get_output_via_markers.py ~/.vscode-oss/extensions/ms-python.python-2025.4.0-universal/python_files/interpreterInfo.py
2025-07-20 23:54:26.942 [info] > /usr/sbin/python -I ~/.vscode-oss/extensions/ms-python.python-2025.4.0-universal/python_files/get_output_via_markers.py ~/.vscode-oss/extensions/ms-python.python-2025.4.0-universal/python_files/interpreterInfo.py
2025-07-20 23:54:26.982 [info] Environments refresh finished (event): 314 milliseconds
2025-07-20 23:54:26.991 [info] Environment refresh took 323 milliseconds
2025-07-20 23:54:26.998 [error] [
  'Failed to activate a workspace, Class name = v, completed in 330ms, has a falsy return value, Arg 1: <Uri:/home/thanura/Coding>, Arg 2: {"started":1753041266614}, Return Value: undefined',
  [Error: Extension 'ms-python.python' CANNOT use API proposal: testObserver.
  Its package.json#enabledApiProposals-property declares:  but NOT testObserver.
   The missing proposal MUST be added and you must start in extension development mode or use the following command line switch: --enable-proposed-api ms-python.python
  	at L (file:///usr/lib/code/out/vs/workbench/api/node/extensionHostProcess.js:113:29606)
  	at get testResults (file:///usr/lib/code/out/vs/workbench/api/node/extensionHostProcess.js:171:99396)
  	at C.activate (/home/thanura/.vscode-oss/extensions/ms-python.python-2025.4.0-universal/out/client/extension.js:2:908659)
  	at /home/thanura/.vscode-oss/extensions/ms-python.python-2025.4.0-universal/out/client/extension.js:2:2457
  	at Array.map (<anonymous>)
  	at v.activateWorkspace (/home/thanura/.vscode-oss/extensions/ms-python.python-2025.4.0-universal/out/client/extension.js:2:2447)]
]
2025-07-20 23:54:26.998 [error] Failure during activation. [Error: Extension 'ms-python.python' CANNOT use API proposal: testObserver.
Its package.json#enabledApiProposals-property declares:  but NOT testObserver.
 The missing proposal MUST be added and you must start in extension development mode or use the following command line switch: --enable-proposed-api ms-python.python
	at L (file:///usr/lib/code/out/vs/workbench/api/node/extensionHostProcess.js:113:29606)
	at get testResults (file:///usr/lib/code/out/vs/workbench/api/node/extensionHostProcess.js:171:99396)
	at C.activate (/home/thanura/.vscode-oss/extensions/ms-python.python-2025.4.0-universal/out/client/extension.js:2:908659)
	at /home/thanura/.vscode-oss/extensions/ms-python.python-2025.4.0-universal/out/client/extension.js:2:2457
	at Array.map (<anonymous>)
	at v.activateWorkspace (/home/thanura/.vscode-oss/extensions/ms-python.python-2025.4.0-universal/out/client/extension.js:2:2447)]
2025-07-20 23:54:26.998 [error] sendStartupTelemetry() failed. [Error: Extension 'ms-python.python' CANNOT use API proposal: testObserver.
Its package.json#enabledApiProposals-property declares:  but NOT testObserver.
 The missing proposal MUST be added and you must start in extension development mode or use the following command line switch: --enable-proposed-api ms-python.python
	at L (file:///usr/lib/code/out/vs/workbench/api/node/extensionHostProcess.js:113:29606)
	at get testResults (file:///usr/lib/code/out/vs/workbench/api/node/extensionHostProcess.js:171:99396)
	at C.activate (/home/thanura/.vscode-oss/extensions/ms-python.python-2025.4.0-universal/out/client/extension.js:2:908659)
	at /home/thanura/.vscode-oss/extensions/ms-python.python-2025.4.0-universal/out/client/extension.js:2:2457
	at Array.map (<anonymous>)
	at v.activateWorkspace (/home/thanura/.vscode-oss/extensions/ms-python.python-2025.4.0-universal/out/client/extension.js:2:2447)]
2025-07-20 23:54:26.999 [info] Python interpreter path: /bin/python
2025-07-20 23:54:28.257 [info] Starting Jedi language server for Coding.
2025-07-20 23:54:34.882 [info] Discover tests for workspace name: Coding - uri: /home/thanura/Coding
2025-07-20 23:56:12.038 [info] Discover tests for workspace name: Coding - uri: /home/thanura/Coding/import pygame.py
2025-07-20 23:59:06.706 [info] Discover tests for workspace name: Coding - uri: /home/thanura/Coding/import pygame.py
2025-07-20 23:59:47.761 [info] Discover tests for workspace name: Coding - uri: /home/thanura/Coding/import pygame.py
