I[01:09:48.172] clangd version 20.1.7
I[01:09:48.172] Features: linux
I[01:09:48.172] PID: 9210
I[01:09:48.172] Working directory: /home/thanura
I[01:09:48.172] argv[0]: /usr/bin/clangd
I[01:09:48.172] Starting LSP over stdin/stdout
I[01:09:48.173] <-- initialize(0)
I[01:09:48.175] --> reply:initialize(0) 1 ms
I[01:09:48.191] <-- initialized
I[01:09:48.223] <-- textDocument/didOpen
I[01:09:48.224] Failed to find compilation database for /home/thanura/sdfdsf.cpp
I[01:09:48.224] ASTWorker building file /home/thanura/sdfdsf.cpp version 1 with command clangd fallback
[/home/thanura]
/usr/bin/clang -resource-dir=/usr/lib/clang/20 -- /home/thanura/sdfdsf.cpp
I[01:09:48.231] --> textDocument/clangd.fileStatus
I[01:09:48.254] Built preamble of size 258796 for file /home/thanura/sdfdsf.cpp version 1 in 0.02 seconds
I[01:09:48.256] --> workspace/semanticTokens/refresh(0)
I[01:09:48.256] --> textDocument/clangd.fileStatus
I[01:09:48.260] Indexing c++17 standard library in the context of /home/thanura/sdfdsf.cpp
I[01:09:48.266] <-- textDocument/codeAction(1)
I[01:09:48.282] <-- reply(0)
I[01:09:48.286] --> textDocument/publishDiagnostics
I[01:09:48.287] --> textDocument/inactiveRegions
I[01:09:48.287] --> reply:textDocument/codeAction(1) 20 ms
I[01:09:48.287] --> textDocument/clangd.fileStatus
I[01:09:48.897] <-- textDocument/documentLink(2)
I[01:09:48.897] --> reply:textDocument/documentLink(2) 0 ms
I[01:09:48.897] --> textDocument/clangd.fileStatus
I[01:09:48.897] <-- textDocument/inlayHint(3)
I[01:09:48.897] --> reply:textDocument/inlayHint(3) 0 ms
I[01:09:48.897] --> textDocument/clangd.fileStatus
I[01:09:48.897] <-- textDocument/semanticTokens/full(4)
I[01:09:48.897] --> reply:textDocument/semanticTokens/full(4) 0 ms
I[01:09:48.897] --> textDocument/clangd.fileStatus
I[01:09:48.897] <-- textDocument/foldingRange(5)
I[01:09:48.898] --> reply:textDocument/foldingRange(5) 0 ms
I[01:09:48.954] <-- textDocument/documentSymbol(6)
I[01:09:48.954] --> reply:textDocument/documentSymbol(6) 0 ms
I[01:09:48.954] --> textDocument/clangd.fileStatus
I[01:09:48.954] <-- $/cancelRequest
I[01:09:48.954] <-- textDocument/codeAction(7)
I[01:09:48.954] --> reply:textDocument/codeAction(7) 0 ms
I[01:09:48.954] <-- $/cancelRequest
I[01:09:48.954] --> textDocument/clangd.fileStatus
I[01:09:48.954] <-- textDocument/codeAction(8)
I[01:09:48.954] --> reply:textDocument/codeAction(8) 0 ms
I[01:09:48.954] --> textDocument/clangd.fileStatus
I[01:09:49.040] <-- textDocument/documentSymbol(9)
I[01:09:49.040] --> reply:textDocument/documentSymbol(9) 0 ms
I[01:09:49.040] --> textDocument/clangd.fileStatus
I[01:09:49.082] <-- textDocument/documentLink(10)
I[01:09:49.082] --> reply:textDocument/documentLink(10) 0 ms
I[01:09:49.082] --> textDocument/clangd.fileStatus
I[01:09:49.082] <-- $/setTrace
I[01:09:49.082] unhandled notification $/setTrace
I[01:09:49.210] <-- $/cancelRequest
I[01:09:49.211] <-- $/cancelRequest
I[01:09:49.212] <-- textDocument/codeAction(11)
I[01:09:49.212] <-- textDocument/documentLink(12)
I[01:09:49.212] --> reply:textDocument/codeAction(11) 0 ms
I[01:09:49.212] --> reply:textDocument/documentLink(12) 0 ms
I[01:09:49.212] --> textDocument/clangd.fileStatus
I[01:09:49.354] <-- $/setTrace
I[01:09:49.354] unhandled notification $/setTrace
I[01:09:49.354] <-- textDocument/documentLink(13)
I[01:09:49.355] --> reply:textDocument/documentLink(13) 0 ms
I[01:09:49.355] --> textDocument/clangd.fileStatus
I[01:09:49.420] <-- textDocument/documentSymbol(14)
I[01:09:49.420] --> reply:textDocument/documentSymbol(14) 0 ms
I[01:09:49.420] --> textDocument/clangd.fileStatus
I[01:09:49.423] <-- textDocument/inlayHint(15)
I[01:09:49.423] --> reply:textDocument/inlayHint(15) 0 ms
I[01:09:49.423] --> textDocument/clangd.fileStatus
I[01:09:49.625] <-- textDocument/codeAction(16)
I[01:09:49.625] <-- textDocument/documentLink(17)
I[01:09:49.626] --> reply:textDocument/codeAction(16) 0 ms
I[01:09:49.626] --> reply:textDocument/documentLink(17) 0 ms
I[01:09:49.626] --> textDocument/clangd.fileStatus
I[01:09:49.798] <-- textDocument/didClose
I[01:09:49.798] --> textDocument/publishDiagnostics
I[01:09:53.999] Indexed c++17 standard library (incomplete due to errors): 14345 symbols, 11423 filtered
