2025-07-20 23:47:31.133 [info] [main] Log level: Info
2025-07-20 23:47:31.133 [info] [main] Validating found git in: "git"
2025-07-20 23:47:31.133 [info] [main] Using git "2.50.1" from "git"
2025-07-20 23:47:31.133 [info] [Model][doInitialScan] Initial repository scan started
2025-07-20 23:47:31.133 [info] > git rev-parse --show-toplevel [15ms]
2025-07-20 23:47:31.133 [info] fatal: not a git repository (or any of the parent directories): .git
2025-07-20 23:47:31.133 [info] > git rev-parse --show-toplevel [18ms]
2025-07-20 23:47:31.133 [info] fatal: not a git repository (or any of the parent directories): .git
2025-07-20 23:47:31.133 [info] [Model][doInitialScan] Initial repository scan completed - repositories (0), closed repositories (0), parent repositories (0), unsafe repositories (0)
2025-07-20 23:47:31.653 [info] > git rev-parse --show-toplevel [2ms]
2025-07-20 23:47:31.653 [info] fatal: not a git repository (or any of the parent directories): .git
2025-07-20 23:52:05.265 [info] > git rev-parse --show-toplevel [3ms]
2025-07-20 23:52:05.265 [info] fatal: not a git repository (or any of the parent directories): .git
2025-07-20 23:52:59.759 [info] > git rev-parse --show-toplevel [1ms]
2025-07-20 23:52:59.759 [info] fatal: not a git repository (or any of the parent directories): .git
2025-07-20 23:54:15.511 [info] > git rev-parse --show-toplevel [2ms]
2025-07-20 23:54:15.511 [info] fatal: not a git repository (or any of the parent directories): .git
2025-07-20 23:54:25.993 [info] > git rev-parse --show-toplevel [3ms]
2025-07-20 23:54:25.993 [info] fatal: not a git repository (or any of the parent directories): .git
2025-07-20 23:54:39.349 [info] > git rev-parse --show-toplevel [5ms]
2025-07-20 23:54:39.349 [info] fatal: not a git repository (or any of the parent directories): .git
